Traceback (most recent call last):
  File "/home/hong-mai/venvs/maipy/lib/python3.12/site-packages/lifelines/fitters/coxph_fitter.py", line 1530, in _newton_raphson_for_efron_model
    inv_h_dot_g_T = spsolve(-h, g, assume_a="pos", check_finite=False)
                    ^^^^^^^^^^^^^^^^^^^^^^^^^^^^^^^^^^^^^^^^^^^^^^^^^^
  File "/home/hong-mai/venvs/maipy/lib/python3.12/site-packages/scipy/linalg/_basic.py", line 337, in solve
    _solve_check(n, info)
  File "/home/hong-mai/venvs/maipy/lib/python3.12/site-packages/scipy/linalg/_basic.py", line 42, in _solve_check
    raise LinAlgError('Matrix is singular.')
numpy.linalg.LinAlgError: Matrix is singular.

During handling of the above exception, another exception occurred:

Traceback (most recent call last):
  File "/tmp/ipykernel_25932/254663127.py", line 27, in train_cox
    cph.fit(
  File "/home/hong-mai/venvs/maipy/lib/python3.12/site-packages/lifelines/utils/__init__.py", line 56, in f
    return function(model, *args, **kwargs)
           ^^^^^^^^^^^^^^^^^^^^^^^^^^^^^^^^
  File "/home/hong-mai/venvs/maipy/lib/python3.12/site-packages/lifelines/fitters/coxph_fitter.py", line 290, in fit
    self._model = self._fit_model(
                  ^^^^^^^^^^^^^^^^
  File "/home/hong-mai/venvs/maipy/lib/python3.12/site-packages/lifelines/fitters/coxph_fitter.py", line 610, in _fit_model
    return self._fit_model_breslow(*args, **kwargs)
           ^^^^^^^^^^^^^^^^^^^^^^^^^^^^^^^^^^^^^^^^
  File "/home/hong-mai/venvs/maipy/lib/python3.12/site-packages/lifelines/fitters/coxph_fitter.py", line 623, in _fit_model_breslow
    model.fit(*args, **kwargs)
  File "/home/hong-mai/venvs/maipy/lib/python3.12/site-packages/lifelines/utils/__init__.py", line 56, in f
    return function(model, *args, **kwargs)
           ^^^^^^^^^^^^^^^^^^^^^^^^^^^^^^^^
  File "/home/hong-mai/venvs/maipy/lib/python3.12/site-packages/lifelines/fitters/coxph_fitter.py", line 1252, in fit
    params_, ll_, variance_matrix_, baseline_hazard_, baseline_cumulative_hazard_, model = self._fit_model(
                                                                                           ^^^^^^^^^^^^^^^^
  File "/home/hong-mai/venvs/maipy/lib/python3.12/site-packages/lifelines/fitters/coxph_fitter.py", line 1380, in _fit_model
    beta_, ll_, hessian_ = self._newton_raphson_for_efron_model(
                           ^^^^^^^^^^^^^^^^^^^^^^^^^^^^^^^^^^^^^
  File "/home/hong-mai/venvs/maipy/lib/python3.12/site-packages/lifelines/fitters/coxph_fitter.py", line 1539, in _newton_raphson_for_efron_model
    raise exceptions.ConvergenceError(
lifelines.exceptions.ConvergenceError: Convergence halted due to matrix inversion problems. Suspicion is high collinearity. Please see the following tips in the lifelines documentation: https://lifelines.readthedocs.io/en/latest/Examples.html#problems-with-convergence-in-the-cox-proportional-hazard-modelMatrix is singular.
